2020-10-20T09:16:50+00:00 INFO Doing Task:set_settings
2020-10-20T09:16:50+00:00 INFO Task Done:set_settings
2020-10-20T09:16:52+00:00 INFO Doing Task:create_default_lists
2020-10-20T09:16:52+00:00 INFO Task Done:create_default_lists
2020-10-20T09:16:53+00:00 INFO Doing Task:create_contacts_and_add_to_list
2020-10-20T09:16:55+00:00 INFO Task Done:create_contacts_and_add_to_list
2020-10-20T09:16:55+00:00 INFO Doing Task:add_workflow_for_user_registration
2020-10-20T09:16:56+00:00 INFO Task Done:add_workflow_for_user_registration
2020-10-20T09:16:56+00:00 INFO Doing Task:create_default_newsletter_broadcast
2020-10-20T09:16:58+00:00 INFO Task Done:create_default_newsletter_broadcast
2020-10-20T09:16:58+00:00 INFO Doing Task:create_default_post_notification
2020-10-20T09:17:00+00:00 INFO Task Done:create_default_post_notification
2020-10-20T09:17:00+00:00 INFO Doing Task:create_default_subscription_form
2020-10-20T09:17:01+00:00 INFO Task Done:create_default_subscription_form
2020-10-20T09:17:01+00:00 INFO Doing Task:add_widget_to_sidebar
2020-10-20T09:17:01+00:00 INFO Task Failed:add_widget_to_sidebar
2020-10-20T09:17:03+00:00 INFO Doing Task:queue_default_broadcast_newsletter
2020-10-20T09:17:03+00:00 INFO Task Done:queue_default_broadcast_newsletter
2020-10-20T09:17:04+00:00 INFO Doing Task:queue_default_broadcast_newsletter
2020-10-20T09:17:05+00:00 INFO Task Done:queue_default_broadcast_newsletter
2020-10-20T09:17:06+00:00 INFO Doing Task:dispatch_emails_from_server
2020-10-20T09:17:07+00:00 INFO Doing Task:dispatch_emails_from_server
2020-10-20T09:17:07+00:00 INFO Doing Task:dispatch_emails_from_server
2020-10-20T09:17:07+00:00 INFO Doing Task:dispatch_emails_from_server
2020-10-20T09:17:13+00:00 INFO Doing Task:subscribe_to_klawoo
2020-10-20T09:17:15+00:00 INFO Task Done:subscribe_to_klawoo
2020-10-20T09:17:16+00:00 INFO Task Failed:dispatch_emails_from_server
2020-10-20T09:17:16+00:00 INFO Doing Task:save_final_configuration
2020-10-20T09:17:17+00:00 INFO Task Done:save_final_configuration
2020-10-20T09:17:17+00:00 INFO Task Failed:dispatch_emails_from_server
2020-10-20T09:17:18+00:00 INFO Task already done:subscribe_to_klawoo
2020-10-20T09:17:18+00:00 INFO Task already done:save_final_configuration
2020-10-20T09:17:18+00:00 INFO Task Failed:dispatch_emails_from_server
2020-10-20T09:17:18+00:00 INFO Task Failed:dispatch_emails_from_server
2020-10-20T09:17:19+00:00 INFO Doing Task:subscribe_to_klawoo
2020-10-20T09:17:19+00:00 INFO Doing Task:subscribe_to_klawoo
2020-10-20T09:17:19+00:00 INFO Doing Task:subscribe_to_klawoo
2020-10-20T09:17:23+00:00 INFO Doing Task:subscribe_to_klawoo
2020-10-20T09:17:25+00:00 INFO Doing Task:subscribe_to_klawoo
2020-10-20T09:17:25+00:00 INFO Task Done:subscribe_to_klawoo
2020-10-20T09:17:25+00:00 INFO Task Done:subscribe_to_klawoo
2020-10-20T09:17:25+00:00 INFO Task Done:subscribe_to_klawoo
2020-10-20T09:17:26+00:00 INFO Task Done:subscribe_to_klawoo
2020-10-20T09:17:26+00:00 INFO Doing Task:save_final_configuration
2020-10-20T09:17:26+00:00 INFO Task Done:save_final_configuration
2020-10-20T09:17:26+00:00 INFO Doing Task:save_final_configuration
2020-10-20T09:17:27+00:00 INFO Task Done:subscribe_to_klawoo
2020-10-20T09:17:27+00:00 INFO Task Done:save_final_configuration
2020-10-20T09:17:27+00:00 INFO Doing Task:save_final_configuration
2020-10-20T09:17:28+00:00 INFO Task Done:save_final_configuration
2020-10-20T09:17:30+00:00 INFO Doing Task:save_final_configuration
2020-10-20T09:17:31+00:00 INFO Task Done:save_final_configuration
2020-10-20T09:17:34+00:00 INFO Doing Task:save_final_configuration
2020-10-20T09:17:34+00:00 INFO Task Done:save_final_configuration
